<?xml version="1.0" encoding="UTF-8"?>
<!-- Generated by org.testng.reporters.JUnitXMLReporter -->
<testsuite hostname="amol-PC" name="Default test" tests="6" failures="0" timestamp="12 Mar 2015 06:23:49 GMT" time="25.666" errors="0">
  <testcase name="testLandingPage" time="0.205" classname="com.Test.TestGmailLogin.TestGmailLogin"/>
  <testcase name="enterNullInputs" time="1.113" classname="com.Test.TestGmailLogin.TestGmailLogin"/>
  <testcase name="enterUserNameOnly" time="1.751" classname="com.Test.TestGmailLogin.TestGmailLogin"/>
  <testcase name="enterPasswordOnly" time="1.457" classname="com.Test.TestGmailLogin.TestGmailLogin"/>
  <testcase name="enterIncorrectUserNamePassword" time="1.454" classname="com.Test.TestGmailLogin.TestGmailLogin"/>
  <testcase name="enterCorrectUserNamePassword" time="7.628" classname="com.Test.TestGmailLogin.TestGmailLogin"/>
</testsuite> <!-- Default test -->
