<?xml version="1.0" encoding="UTF-8"?>
<testng-results skipped="0" failed="0" total="6" passed="6">
  <reporter-output>
  </reporter-output>
  <suite name="Default suite" duration-ms="25666" started-at="2015-03-12T06:23:24Z" finished-at="2015-03-12T06:23:49Z">
    <groups>
    </groups>
    <test name="Default test" duration-ms="25666" started-at="2015-03-12T06:23:24Z" finished-at="2015-03-12T06:23:49Z">
      <class name="com.Test.TestGmailLogin.TestGmailLogin">
        <test-method status="PASS" signature="initDriver()[pri:0, instance:com.Test.TestGmailLogin.TestGmailLogin@16d8735]" name="initDriver" is-config="true" duration-ms="7870" started-at="2015-03-12T11:53:24Z" finished-at="2015-03-12T11:53:31Z">
          <reporter-output>
          </reporter-output>
        </test-method> <!-- initDriver -->
        <test-method status="PASS" signature="clearTextBox()[pri:0, instance:com.Test.TestGmailLogin.TestGmailLogin@16d8735]" name="clearTextBox" is-config="true" duration-ms="256" started-at="2015-03-12T11:53:31Z" finished-at="2015-03-12T11:53:32Z">
          <reporter-output>
          </reporter-output>
        </test-method> <!-- clearTextBox -->
        <test-method status="PASS" signature="testLandingPage()[pri:0, instance:com.Test.TestGmailLogin.TestGmailLogin@16d8735]" name="testLandingPage" duration-ms="205" started-at="2015-03-12T11:53:32Z" finished-at="2015-03-12T11:53:32Z">
          <reporter-output>
          </reporter-output>
        </test-method> <!-- testLandingPage -->
        <test-method status="PASS" signature="takeScreenshot()[pri:0, instance:com.Test.TestGmailLogin.TestGmailLogin@16d8735]" name="takeScreenshot" is-config="true" duration-ms="295" started-at="2015-03-12T11:53:32Z" finished-at="2015-03-12T11:53:32Z">
          <reporter-output>
          </reporter-output>
        </test-method> <!-- takeScreenshot -->
        <test-method status="PASS" signature="clearTextBox()[pri:0, instance:com.Test.TestGmailLogin.TestGmailLogin@16d8735]" name="clearTextBox" is-config="true" duration-ms="164" started-at="2015-03-12T11:53:32Z" finished-at="2015-03-12T11:53:32Z">
          <reporter-output>
          </reporter-output>
        </test-method> <!-- clearTextBox -->
        <test-method status="PASS" signature="enterNullInputs()[pri:0, instance:com.Test.TestGmailLogin.TestGmailLogin@16d8735]" name="enterNullInputs" duration-ms="1113" started-at="2015-03-12T11:53:32Z" finished-at="2015-03-12T11:53:33Z">
          <reporter-output>
          </reporter-output>
        </test-method> <!-- enterNullInputs -->
        <test-method status="PASS" signature="takeScreenshot()[pri:0, instance:com.Test.TestGmailLogin.TestGmailLogin@16d8735]" name="takeScreenshot" is-config="true" duration-ms="270" started-at="2015-03-12T11:53:33Z" finished-at="2015-03-12T11:53:34Z">
          <reporter-output>
          </reporter-output>
        </test-method> <!-- takeScreenshot -->
        <test-method status="PASS" signature="clearTextBox()[pri:0, instance:com.Test.TestGmailLogin.TestGmailLogin@16d8735]" name="clearTextBox" is-config="true" duration-ms="149" started-at="2015-03-12T11:53:34Z" finished-at="2015-03-12T11:53:34Z">
          <reporter-output>
          </reporter-output>
        </test-method> <!-- clearTextBox -->
        <test-method status="PASS" signature="enterUserNameOnly()[pri:0, instance:com.Test.TestGmailLogin.TestGmailLogin@16d8735]" name="enterUserNameOnly" duration-ms="1751" started-at="2015-03-12T11:53:34Z" finished-at="2015-03-12T11:53:36Z">
          <reporter-output>
          </reporter-output>
        </test-method> <!-- enterUserNameOnly -->
        <test-method status="PASS" signature="takeScreenshot()[pri:0, instance:com.Test.TestGmailLogin.TestGmailLogin@16d8735]" name="takeScreenshot" is-config="true" duration-ms="307" started-at="2015-03-12T11:53:36Z" finished-at="2015-03-12T11:53:36Z">
          <reporter-output>
          </reporter-output>
        </test-method> <!-- takeScreenshot -->
        <test-method status="PASS" signature="clearTextBox()[pri:0, instance:com.Test.TestGmailLogin.TestGmailLogin@16d8735]" name="clearTextBox" is-config="true" duration-ms="187" started-at="2015-03-12T11:53:36Z" finished-at="2015-03-12T11:53:36Z">
          <reporter-output>
          </reporter-output>
        </test-method> <!-- clearTextBox -->
        <test-method status="PASS" signature="enterPasswordOnly()[pri:0, instance:com.Test.TestGmailLogin.TestGmailLogin@16d8735]" name="enterPasswordOnly" duration-ms="1457" started-at="2015-03-12T11:53:36Z" finished-at="2015-03-12T11:53:38Z">
          <reporter-output>
          </reporter-output>
        </test-method> <!-- enterPasswordOnly -->
        <test-method status="PASS" signature="takeScreenshot()[pri:0, instance:com.Test.TestGmailLogin.TestGmailLogin@16d8735]" name="takeScreenshot" is-config="true" duration-ms="383" started-at="2015-03-12T11:53:38Z" finished-at="2015-03-12T11:53:38Z">
          <reporter-output>
          </reporter-output>
        </test-method> <!-- takeScreenshot -->
        <test-method status="PASS" signature="clearTextBox()[pri:0, instance:com.Test.TestGmailLogin.TestGmailLogin@16d8735]" name="clearTextBox" is-config="true" duration-ms="152" started-at="2015-03-12T11:53:38Z" finished-at="2015-03-12T11:53:38Z">
          <reporter-output>
          </reporter-output>
        </test-method> <!-- clearTextBox -->
        <test-method status="PASS" signature="enterIncorrectUserNamePassword()[pri:0, instance:com.Test.TestGmailLogin.TestGmailLogin@16d8735]" name="enterIncorrectUserNamePassword" duration-ms="1454" started-at="2015-03-12T11:53:38Z" finished-at="2015-03-12T11:53:40Z">
          <reporter-output>
          </reporter-output>
        </test-method> <!-- enterIncorrectUserNamePassword -->
        <test-method status="PASS" signature="takeScreenshot()[pri:0, instance:com.Test.TestGmailLogin.TestGmailLogin@16d8735]" name="takeScreenshot" is-config="true" duration-ms="281" started-at="2015-03-12T11:53:40Z" finished-at="2015-03-12T11:53:40Z">
          <reporter-output>
          </reporter-output>
        </test-method> <!-- takeScreenshot -->
        <test-method status="PASS" signature="clearTextBox()[pri:0, instance:com.Test.TestGmailLogin.TestGmailLogin@16d8735]" name="clearTextBox" is-config="true" duration-ms="145" started-at="2015-03-12T11:53:40Z" finished-at="2015-03-12T11:53:40Z">
          <reporter-output>
          </reporter-output>
        </test-method> <!-- clearTextBox -->
        <test-method status="PASS" signature="enterCorrectUserNamePassword()[pri:0, instance:com.Test.TestGmailLogin.TestGmailLogin@16d8735]" name="enterCorrectUserNamePassword" duration-ms="7628" started-at="2015-03-12T11:53:40Z" finished-at="2015-03-12T11:53:48Z">
          <reporter-output>
          </reporter-output>
        </test-method> <!-- enterCorrectUserNamePassword -->
        <test-method status="PASS" signature="takeScreenshot()[pri:0, instance:com.Test.TestGmailLogin.TestGmailLogin@16d8735]" name="takeScreenshot" is-config="true" duration-ms="261" started-at="2015-03-12T11:53:48Z" finished-at="2015-03-12T11:53:48Z">
          <reporter-output>
          </reporter-output>
        </test-method> <!-- takeScreenshot -->
        <test-method status="PASS" signature="quitDriver()[pri:0, instance:com.Test.TestGmailLogin.TestGmailLogin@16d8735]" name="quitDriver" is-config="true" duration-ms="1307" started-at="2015-03-12T11:53:48Z" finished-at="2015-03-12T11:53:49Z">
          <reporter-output>
          </reporter-output>
        </test-method> <!-- quitDriver -->
      </class> <!-- com.Test.TestGmailLogin.TestGmailLogin -->
    </test> <!-- Default test -->
  </suite> <!-- Default suite -->
</testng-results>
